<?xml version="1.0" encoding="UTF-8"?>
<!-- Generated by org.testng.reporters.JUnitReportReporter -->
<testsuite hostname="DESKTOP-VHNDH9Q" failures="0" tests="1" name="api.test.UserTest" time="4.378" errors="0" timestamp="2024-02-04T00:16:42 CST" skipped="0">
  <testcase classname="api.test.UserTest" name="testPostUser" time="4.378"/>
  <system-out/>
</testsuite> <!-- api.test.UserTest -->
